DEBUG	2024/03/27 21:43:11 engine.go:17: Setup Engine 
DEBUG	2024/03/27 21:43:11 engine.go:24: Start Session
DEBUG	2024/03/27 21:43:11 engine.go:68: inputKeyReceiver
DEBUG	2024/03/27 21:43:11 engine.go:36: runTimer 
DEBUG	2024/03/27 21:44:20 engine.go:17: Setup Engine 
DEBUG	2024/03/27 21:44:20 engine.go:24: Start Session
DEBUG	2024/03/27 21:44:20 engine.go:68: inputKeyReceiver
DEBUG	2024/03/27 21:44:20 engine.go:36: runTimer 
DEBUG	2024/03/27 21:47:50 engine.go:17: Setup Engine 
DEBUG	2024/03/27 21:47:50 engine.go:24: Start Session
DEBUG	2024/03/27 21:47:50 engine.go:68: inputKeyReceiver
DEBUG	2024/03/27 21:47:50 engine.go:36: runTimer 
DEBUG	2024/03/27 21:48:42 engine.go:17: Setup Engine 
DEBUG	2024/03/27 21:48:42 engine.go:24: Start Session
DEBUG	2024/03/27 21:48:42 engine.go:68: inputKeyReceiver
DEBUG	2024/03/27 21:48:42 engine.go:36: runTimer 
DEBUG	2024/03/27 21:54:42 engine.go:17: Setup Engine 
DEBUG	2024/03/27 21:54:42 engine.go:24: Start Session
DEBUG	2024/03/27 21:54:42 engine.go:37: runTimer 
DEBUG	2024/03/27 21:54:42 engine.go:69: inputKeyReceiver
DEBUG	2024/03/27 21:55:38 engine.go:17: Setup Engine 
DEBUG	2024/03/27 21:55:38 engine.go:24: Start Session
DEBUG	2024/03/27 21:55:38 engine.go:92: inputKeyHandler
DEBUG	2024/03/27 21:55:38 engine.go:69: inputKeyReceiver
DEBUG	2024/03/27 21:55:38 engine.go:37: runTimer 
DEBUG	2024/03/27 21:57:30 engine.go:16: Setup Engine 
DEBUG	2024/03/27 21:57:30 engine.go:23: Start Session
DEBUG	2024/03/27 21:57:30 engine.go:91: inputKeyHandler
DEBUG	2024/03/27 21:57:30 engine.go:36: runTimer 
DEBUG	2024/03/27 21:57:30 engine.go:68: inputKeyReceiver
DEBUG	2024/03/29 17:45:45 engine.go:17: Setup Engine 
DEBUG	2024/03/29 17:46:34 engine.go:17: Setup Engine 
DEBUG	2024/03/29 17:47:16 engine.go:17: Setup Engine 
DEBUG	2024/03/29 17:48:57 engine.go:17: Setup Engine 
DEBUG	2024/03/29 17:49:21 engine.go:17: Setup Engine 
DEBUG	2024/03/29 17:50:08 engine.go:17: Setup Engine 
DEBUG	2024/03/29 17:50:38 engine.go:17: Setup Engine 
DEBUG	2024/03/29 18:13:25 engine.go:17: Setup Engine 
DEBUG	2024/03/29 18:14:01 engine.go:17: Setup Engine 
